<?xml version="1.0" encoding="UTF-8"?>
<!-- Generated by org.testng.reporters.JUnitXMLReporter -->
<testsuite ignored="0" hostname="LAPTOP-032GO6UI" failures="0" tests="4" name="Default test" time="22.717" errors="0" timestamp="2023-01-08T20:43:34 IST">
  <testcase classname="sauceTest.SauceTest" name="loginuser1" time="1.537"/>
  <testcase classname="sauceTest.SauceTest" name="loginuser2" time="0.04">
    <skipped/>
  </testcase> <!-- loginuser2 -->
  <testcase classname="sauceTest.SauceTest" name="loginuser3" time="0.585"/>
  <testcase classname="sauceTest.SauceTest" name="loginuser4" time="5.579"/>
</testsuite> <!-- Default test -->
