<?xml version="1.0" encoding="UTF-8"?>
<!-- Generated by org.testng.reporters.JUnitXMLReporter -->
<testsuite ignored="0" hostname="LAPTOP-032GO6UI" failures="2" tests="4" name="Test" time="75.696" errors="0" timestamp="06 Jan 2023 12:05:24 GMT">
  <testcase classname="sauceTest.SauceTest" name="loginuser1" time="2.525"/>
  <testcase classname="sauceTest.SauceTest" name="loginuser2" time="20.77">
    <failure type="java.lang.AssertionError" message="expected [true] but found [false]">
      <![CDATA[java.lang.AssertionError: expected [true] but found [false]
at sauceTest.SauceTest.validation(SauceTest.java:114)
at sauceTest.SauceTest.login(SauceTest.java:107)
at sauceTest.SauceTest.loginuser2(SauceTest.java:68)
... Removed 33 stack frames]]>
    </failure>
  </testcase> <!-- loginuser2 -->
  <testcase classname="sauceTest.SauceTest" name="loginuser3" time="0.843"/>
  <testcase classname="sauceTest.SauceTest" name="loginuser4" time="20.736">
    <failure type="java.lang.AssertionError" message="expected [true] but found [false]">
      <![CDATA[java.lang.AssertionError: expected [true] but found [false]
at sauceTest.SauceTest.validation(SauceTest.java:114)
at sauceTest.SauceTest.login(SauceTest.java:107)
at sauceTest.SauceTest.loginuser4(SauceTest.java:76)
... Removed 33 stack frames]]>
    </failure>
  </testcase> <!-- loginuser4 -->
</testsuite> <!-- Test -->
