<?xml version="1.0" encoding="UTF-8"?>
<testng-results ignored="0" total="1" passed="1" failed="0" skipped="0">
  <reporter-output>
  </reporter-output>
  <suite started-at="2022-07-25T21:09:19 IST" name="Default suite" finished-at="2022-07-25T21:09:25 IST" duration-ms="6095">
    <groups>
    </groups>
    <test started-at="2022-07-25T21:09:19 IST" name="Default test" finished-at="2022-07-25T21:09:25 IST" duration-ms="6095">
      <class name="actions.Hometest">
        <test-method is-config="true" signature="initializeDriver()[pri:0, instance:actions.Hometest@6392827e]" started-at="2022-07-25T21:09:19 IST" name="initializeDriver" finished-at="2022-07-25T21:09:22 IST" duration-ms="3149" status="PASS">
          <reporter-output>
          </reporter-output>
        </test-method> <!-- initializeDriver -->
        <test-method signature="basePageNavigation()[pri:0, instance:actions.Hometest@6392827e]" started-at="2022-07-25T21:09:22 IST" name="basePageNavigation" finished-at="2022-07-25T21:09:25 IST" duration-ms="2897" status="PASS">
          <reporter-output>
          </reporter-output>
        </test-method> <!-- basePageNavigation -->
      </class> <!-- actions.Hometest -->
    </test> <!-- Default test -->
  </suite> <!-- Default suite -->
</testng-results>
