<?xml version="1.0" encoding="UTF-8"?>
<!-- Generated by org.testng.reporters.JUnitXMLReporter -->
<testsuite ignored="0" hostname="DESKTOP-6DPAHLU" failures="0" tests="4" name="Test" time="25.805" errors="0" timestamp="2023-01-02T12:36:40 IST">
  <testcase classname="sauceTest.SauceTest" name="loginuser1" time="0.437"/>
  <testcase classname="sauceTest.SauceTest" name="loginuser2" time="10.228"/>
  <testcase classname="sauceTest.SauceTest" name="loginuser3" time="0.261"/>
  <testcase classname="sauceTest.SauceTest" name="loginuser4" time="5.379"/>
</testsuite> <!-- Test -->
